<?xml version="1.0" encoding="UTF-8"?>
<!-- Generated by org.testng.reporters.JUnitReportReporter -->
<testsuite hostname="LNGDAYV-1070429" failures="0" tests="2" name="day2_ExtendedReport.ExtendedReport" time="11.716" errors="0" timestamp="2019-10-17T04:03:10 EDT" skipped="0">
  <testcase classname="day2_ExtendedReport.ExtendedReport" name="test" time="5.760"/>
  <testcase classname="day2_ExtendedReport.ExtendedReport" name="test2" time="5.956"/>
</testsuite> <!-- day2_ExtendedReport.ExtendedReport -->
