<?xml version="1.0" encoding="UTF-8"?>
<!-- Generated by org.testng.reporters.JUnitReportReporter -->
<testsuite hostname="LNGDAYV-1070429" failures="0" tests="2" name="day1_Basics.Class4_TestNG" time="8.447" errors="0" timestamp="25 Oct 2019 04:37:46 GMT" skipped="0">
  <testcase classname="day1_Basics.Class4_TestNG" name="test2" time="4.625"/>
  <testcase classname="day1_Basics.Class4_TestNG" name="test" time="3.822"/>
</testsuite> <!-- day1_Basics.Class4_TestNG -->
