<?xml version="1.0" encoding="UTF-8"?>
<!-- Generated by org.testng.reporters.JUnitReportReporter -->
<testsuite hostname="LNGDAYV-1070429" failures="0" tests="5" name="day9_XMLs.Ignoretests" time="0.039" errors="0" timestamp="25 Oct 2019 09:55:21 GMT" skipped="1">
  <testcase classname="day9_XMLs.Ignoretests" name="test7" time="0.004"/>
  <testcase classname="day9_XMLs.Ignoretests" name="test8" time="0.006"/>
  <testcase classname="day9_XMLs.Ignoretests" name="test6" time="0.007"/>
  <testcase classname="day9_XMLs.Ignoretests" name="test4" time="0.022"/>
  <testcase classname="day9_XMLs.Ignoretests" name="test5">
    <skipped/>
  </testcase> <!-- test5 -->
</testsuite> <!-- day9_XMLs.Ignoretests -->
