<?xml version="1.0" encoding="UTF-8"?>
<!-- Generated by org.testng.reporters.JUnitReportReporter -->
<testsuite hostname="LNGDAYV-1070429" failures="0" tests="1" name="day10_recordKatalon.RecordedTC" time="3.705" errors="0" timestamp="29 Oct 2019 08:42:57 GMT" skipped="0">
  <testcase classname="day10_recordKatalon.RecordedTC" name="testRecordedTC" time="3.705"/>
</testsuite> <!-- day10_recordKatalon.RecordedTC -->
