<?xml version="1.0" encoding="UTF-8"?>
<!-- Generated by org.testng.reporters.JUnitReportReporter -->
<testsuite hostname="LNGDAYV-1070429" failures="0" tests="2" name="day7_excelDataProvider.DaataProviders" time="0.022" errors="0" timestamp="2019-10-21T03:55:18 EDT" skipped="0">
  <testcase classname="day7_excelDataProvider.DaataProviders" name="test1" time="0.018"/>
  <testcase classname="day7_excelDataProvider.DaataProviders" name="test1" time="0.004"/>
</testsuite> <!-- day7_excelDataProvider.DaataProviders -->
