<?xml version="1.0" encoding="UTF-8"?>
<!-- Generated by org.testng.reporters.JUnitReportReporter -->
<testsuite hostname="LNGDAYV-1070429" failures="0" tests="3" name="day1_Basics.Class5_Priority" time="0.037" errors="0" timestamp="25 Oct 2019 04:21:24 GMT" skipped="0">
  <testcase classname="day1_Basics.Class5_Priority" name="test1" time="0.024"/>
  <testcase classname="day1_Basics.Class5_Priority" name="test3" time="0.008"/>
  <testcase classname="day1_Basics.Class5_Priority" name="test2" time="0.005"/>
</testsuite> <!-- day1_Basics.Class5_Priority -->
