<?xml version="1.0" encoding="UTF-8"?>
<!-- Generated by org.testng.reporters.JUnitReportReporter -->
<testsuite hostname="LNGDAYV-1070429" failures="0" tests="3" name="day8_Listeners.ListenersDemo2" time="0.048" errors="0" timestamp="25 Oct 2019 04:03:58 GMT" skipped="0">
  <testcase classname="day8_Listeners.ListenersDemo2" name="test2" time="0.008"/>
  <testcase classname="day8_Listeners.ListenersDemo2" name="test3" time="0.016"/>
  <testcase classname="day8_Listeners.ListenersDemo2" name="test1" time="0.024"/>
</testsuite> <!-- day8_Listeners.ListenersDemo2 -->
