<?xml version="1.0" encoding="UTF-8"?>
<!-- Generated by org.testng.reporters.JUnitReportReporter -->
<testsuite hostname="LNGDAYV-1070429" failures="0" tests="3" name="day9_XMLs.Dependencies" time="0.032" errors="0" timestamp="25 Oct 2019 07:38:43 GMT" skipped="0">
  <testcase classname="day9_XMLs.Dependencies" name="test1" time="0.005"/>
  <testcase classname="day9_XMLs.Dependencies" name="test2" time="0.025"/>
  <testcase classname="day9_XMLs.Dependencies" name="test3" time="0.002"/>
</testsuite> <!-- day9_XMLs.Dependencies -->
