<?xml version="1.0" encoding="UTF-8"?>
<!-- Generated by org.testng.reporters.JUnitReportReporter -->
<testsuite hostname="LNGDAYV-1070429" failures="0" tests="5" name="day9_XMLs.Dependencies2" time="0.046" errors="0" timestamp="25 Oct 2019 07:47:07 GMT" skipped="0">
  <testcase classname="day9_XMLs.Dependencies2" name="test4" time="0.005"/>
  <testcase classname="day9_XMLs.Dependencies2" name="test7" time="0.026"/>
  <testcase classname="day9_XMLs.Dependencies2" name="test8" time="0.006"/>
  <testcase classname="day9_XMLs.Dependencies2" name="test5" time="0.006"/>
  <testcase classname="day9_XMLs.Dependencies2" name="test6" time="0.003"/>
</testsuite> <!-- day9_XMLs.Dependencies2 -->
